INFO:CUDA IS AVAILABLE. USING CUDA
INFO:Data Loaded
INFO:Model Created
INFO:[    1] Accuracy: 50.91% - Loss: 694.38 - 0:00:10.881047
INFO:[    2] Accuracy: 62.54% - Loss: 536.59 - 0:00:10.850329
INFO:[    3] Accuracy: 66.75% - Loss: 476.74 - 0:00:10.891919
INFO:[    4] Accuracy: 69.47% - Loss: 439.52 - 0:00:10.931709
INFO:[    5] Accuracy: 71.32% - Loss: 412.91 - 0:00:10.930528
INFO:[    6] Accuracy: 72.73% - Loss: 393.00 - 0:00:10.918433
INFO:[    7] Accuracy: 73.80% - Loss: 377.93 - 0:00:10.868704
INFO:[    8] Accuracy: 74.93% - Loss: 358.87 - 0:00:10.910897
INFO:[    9] Accuracy: 76.00% - Loss: 343.63 - 0:00:10.907417
INFO:[   10] Accuracy: 77.04% - Loss: 329.16 - 0:00:10.906686
INFO:[   11] Accuracy: 78.04% - Loss: 317.30 - 0:00:10.912916
INFO:[   12] Accuracy: 78.86% - Loss: 303.75 - 0:00:10.909016
INFO:[   13] Accuracy: 79.78% - Loss: 292.33 - 0:00:10.909006
INFO:[   14] Accuracy: 80.55% - Loss: 281.08 - 0:00:10.909039
INFO:[   15] Accuracy: 81.16% - Loss: 271.50 - 0:00:10.912673
INFO:[   16] Accuracy: 81.81% - Loss: 261.31 - 0:00:10.909141
INFO:[   17] Accuracy: 82.35% - Loss: 253.37 - 0:00:10.910051
INFO:[   18] Accuracy: 82.92% - Loss: 243.84 - 0:00:10.909285
INFO:[   19] Accuracy: 83.80% - Loss: 233.94 - 0:00:10.916181
INFO:[   20] Accuracy: 84.39% - Loss: 226.18 - 0:00:10.906574
INFO:[   21] Accuracy: 84.89% - Loss: 217.65 - 0:00:10.911364
INFO:[   22] Accuracy: 85.50% - Loss: 209.72 - 0:00:10.910929
INFO:[   23] Accuracy: 86.17% - Loss: 199.80 - 0:00:10.908115
INFO:[   24] Accuracy: 86.39% - Loss: 193.99 - 0:00:10.893787
INFO:[   25] Accuracy: 87.06% - Loss: 186.35 - 0:00:10.906886
INFO:[   26] Accuracy: 87.35% - Loss: 179.38 - 0:00:10.915325
INFO:[   27] Accuracy: 87.73% - Loss: 173.47 - 0:00:10.909763
INFO:[   28] Accuracy: 88.34% - Loss: 167.33 - 0:00:10.877052
INFO:[   29] Accuracy: 88.81% - Loss: 159.64 - 0:00:10.897578
INFO:[   30] Accuracy: 89.52% - Loss: 152.21 - 0:00:10.914988
INFO:[   31] Accuracy: 89.71% - Loss: 145.93 - 0:00:10.923905
INFO:[   32] Accuracy: 90.21% - Loss: 140.29 - 0:00:10.919155
INFO:[   33] Accuracy: 90.45% - Loss: 134.06 - 0:00:10.909376
INFO:[   34] Accuracy: 90.98% - Loss: 129.01 - 0:00:10.908727
INFO:[   35] Accuracy: 91.27% - Loss: 123.89 - 0:00:10.911356
INFO:[   36] Accuracy: 91.75% - Loss: 118.40 - 0:00:10.916008
INFO:[   37] Accuracy: 91.92% - Loss: 113.89 - 0:00:10.908304
INFO:[   38] Accuracy: 92.01% - Loss: 111.08 - 0:00:10.913165
INFO:[   39] Accuracy: 92.38% - Loss: 106.86 - 0:00:10.913671
INFO:[   40] Accuracy: 92.98% - Loss: 100.47 - 0:00:10.911494
INFO:[   41] Accuracy: 93.02% - Loss:  98.31 - 0:00:10.913086
INFO:[   42] Accuracy: 92.91% - Loss:  98.14 - 0:00:10.904919
INFO:[   43] Accuracy: 93.18% - Loss:  96.14 - 0:00:10.904452
INFO:[   44] Accuracy: 94.01% - Loss:  85.72 - 0:00:10.913844
INFO:[   45] Accuracy: 94.42% - Loss:  80.35 - 0:00:10.907223
INFO:[   46] Accuracy: 94.52% - Loss:  77.73 - 0:00:10.916495
INFO:[   47] Accuracy: 94.44% - Loss:  77.12 - 0:00:10.912733
INFO:[   48] Accuracy: 95.10% - Loss:  70.23 - 0:00:10.902352
INFO:[   49] Accuracy: 95.29% - Loss:  67.31 - 0:00:10.906132
INFO:[   50] Accuracy: 95.34% - Loss:  66.78 - 0:00:10.899266
INFO:[   51] Accuracy: 95.49% - Loss:  64.65 - 0:00:10.908403
INFO:[   52] Accuracy: 95.49% - Loss:  64.47 - 0:00:10.908227
INFO:[   53] Accuracy: 95.95% - Loss:  59.02 - 0:00:10.912741
INFO:[   54] Accuracy: 96.06% - Loss:  56.59 - 0:00:10.913549
INFO:[   55] Accuracy: 96.32% - Loss:  52.84 - 0:00:10.907006
INFO:[   56] Accuracy: 96.43% - Loss:  52.35 - 0:00:10.906406
INFO:[   57] Accuracy: 96.71% - Loss:  48.68 - 0:00:10.911959
INFO:[   58] Accuracy: 96.65% - Loss:  49.34 - 0:00:10.912587
INFO:[   59] Accuracy: 96.50% - Loss:  51.09 - 0:00:10.891227
INFO:[   60] Accuracy: 96.42% - Loss:  50.37 - 0:00:10.909922
INFO:[   61] Accuracy: 97.03% - Loss:  44.08 - 0:00:10.906909
INFO:[   62] Accuracy: 97.50% - Loss:  38.76 - 0:00:10.902402
INFO:[   63] Accuracy: 97.36% - Loss:  39.93 - 0:00:10.894135
INFO:[   64] Accuracy: 97.71% - Loss:  35.60 - 0:00:10.891000
INFO:[   65] Accuracy: 97.72% - Loss:  35.78 - 0:00:10.907581
INFO:[   66] Accuracy: 97.78% - Loss:  33.97 - 0:00:10.913321
INFO:[   67] Accuracy: 97.44% - Loss:  37.96 - 0:00:10.884777
INFO:[   68] Accuracy: 97.75% - Loss:  34.87 - 0:00:10.919724
INFO:[   69] Accuracy: 98.19% - Loss:  30.02 - 0:00:10.904270
INFO:[   70] Accuracy: 98.28% - Loss:  27.54 - 0:00:10.881479
INFO:[   71] Accuracy: 98.26% - Loss:  28.06 - 0:00:10.911002
INFO:[   72] Accuracy: 98.17% - Loss:  28.33 - 0:00:10.908916
INFO:[   73] Accuracy: 98.65% - Loss:  24.13 - 0:00:10.890050
INFO:[   74] Accuracy: 98.97% - Loss:  19.93 - 0:00:10.899838
INFO:[   75] Accuracy: 99.18% - Loss:  16.80 - 0:00:10.915602
INFO:[   76] Accuracy: 99.43% - Loss:  14.15 - 0:00:10.904104
INFO:[   77] Accuracy: 99.42% - Loss:  13.67 - 0:00:10.892780
INFO:[   78] Accuracy: 99.69% - Loss:  10.49 - 0:00:10.909777
INFO:[   79] Accuracy: 99.83% - Loss:   8.10 - 0:00:10.908515
INFO:[   80] Accuracy: 99.94% - Loss:   6.18 - 0:00:10.879720
INFO:[   81] Accuracy: 99.99% - Loss:   4.85 - 0:00:10.908320
INFO:[   82] Accuracy: 100.00% - Loss:   3.97 - 0:00:10.902743
INFO:[   83] Accuracy: 100.00% - Loss:   3.42 - 0:00:10.875733
INFO:[   84] Accuracy: 100.00% - Loss:   3.04 - 0:00:10.912200
INFO:[   85] Accuracy: 100.00% - Loss:   2.78 - 0:00:10.901874
INFO:[   86] Accuracy: 100.00% - Loss:   2.59 - 0:00:10.905980
INFO:[   87] Accuracy: 100.00% - Loss:   2.43 - 0:00:10.911865
INFO:[   88] Accuracy: 100.00% - Loss:   2.29 - 0:00:10.908178
INFO:[   89] Accuracy: 100.00% - Loss:   2.17 - 0:00:10.879441
INFO:[   90] Accuracy: 100.00% - Loss:   2.06 - 0:00:10.906457
INFO:[   91] Accuracy: 100.00% - Loss:   1.96 - 0:00:10.914395
INFO:[   92] Accuracy: 100.00% - Loss:   1.87 - 0:00:10.906138
INFO:[   93] Accuracy: 100.00% - Loss:   1.79 - 0:00:10.910563
INFO:[   94] Accuracy: 100.00% - Loss:   1.72 - 0:00:10.902104
INFO:[   95] Accuracy: 100.00% - Loss:   1.65 - 0:00:10.923244
INFO:[   96] Accuracy: 100.00% - Loss:   1.59 - 0:00:10.906076
INFO:[   97] Accuracy: 100.00% - Loss:   1.53 - 0:00:10.897761
INFO:[   98] Accuracy: 100.00% - Loss:   1.48 - 0:00:10.909370
INFO:[   99] Accuracy: 100.00% - Loss:   1.43 - 0:00:10.897406
INFO:[  100] Accuracy: 100.00% - Loss:   1.38 - 0:00:10.871774
INFO:Elapsed time: 0:18:10.650791
INFO:Test error: 29.96% 2996 / 10000
