CUDA IS AVAILABLE. USING CUDA
Files already downloaded and verified
Files already downloaded and verified
Data Loaded
Model Created
[    1] Accuracy: 49.06% - Loss: 719.99 - 0:00:10.577813
[    2] Accuracy: 62.27% - Loss: 542.24 - 0:00:10.491359
[    3] Accuracy: 67.01% - Loss: 474.03 - 0:00:10.480442
[    4] Accuracy: 69.69% - Loss: 435.87 - 0:00:10.492271
[    5] Accuracy: 71.59% - Loss: 410.09 - 0:00:10.492258
[    6] Accuracy: 72.93% - Loss: 389.87 - 0:00:10.494836
[    7] Accuracy: 74.22% - Loss: 371.87 - 0:00:10.496282
[    8] Accuracy: 75.21% - Loss: 355.30 - 0:00:10.502766
[    9] Accuracy: 76.17% - Loss: 341.11 - 0:00:10.493291
[   10] Accuracy: 77.18% - Loss: 327.91 - 0:00:10.495877
[   11] Accuracy: 78.05% - Loss: 317.21 - 0:00:10.497499
[   12] Accuracy: 78.64% - Loss: 305.74 - 0:00:10.493348
[   13] Accuracy: 79.37% - Loss: 295.82 - 0:00:10.500082
[   14] Accuracy: 80.12% - Loss: 285.59 - 0:00:10.499386
[   15] Accuracy: 80.92% - Loss: 275.60 - 0:00:10.500924
[   16] Accuracy: 81.49% - Loss: 268.17 - 0:00:10.498834
[   17] Accuracy: 82.00% - Loss: 258.89 - 0:00:10.497509
[   18] Accuracy: 82.68% - Loss: 250.72 - 0:00:10.486244
[   19] Accuracy: 83.30% - Loss: 241.30 - 0:00:10.498321
[   20] Accuracy: 84.01% - Loss: 232.07 - 0:00:10.502318
[   21] Accuracy: 84.62% - Loss: 223.13 - 0:00:10.498857
[   22] Accuracy: 85.20% - Loss: 215.78 - 0:00:10.510242
[   23] Accuracy: 85.58% - Loss: 208.91 - 0:00:10.505561
[   24] Accuracy: 85.97% - Loss: 201.30 - 0:00:10.511356
[   25] Accuracy: 86.51% - Loss: 195.80 - 0:00:10.506801
[   26] Accuracy: 86.93% - Loss: 188.58 - 0:00:10.523486
[   27] Accuracy: 87.18% - Loss: 183.55 - 0:00:10.516922
[   28] Accuracy: 87.90% - Loss: 174.55 - 0:00:10.515744
[   29] Accuracy: 88.57% - Loss: 167.10 - 0:00:10.507655
[   30] Accuracy: 88.74% - Loss: 162.31 - 0:00:10.506446
[   31] Accuracy: 89.05% - Loss: 158.84 - 0:00:10.504923
[   32] Accuracy: 89.58% - Loss: 151.62 - 0:00:10.506315
[   33] Accuracy: 89.86% - Loss: 145.49 - 0:00:10.509497
[   34] Accuracy: 90.35% - Loss: 139.70 - 0:00:10.506793
[   35] Accuracy: 90.35% - Loss: 138.16 - 0:00:10.509453
[   36] Accuracy: 90.63% - Loss: 133.86 - 0:00:10.512867
[   37] Accuracy: 91.09% - Loss: 126.11 - 0:00:10.505295
[   38] Accuracy: 91.56% - Loss: 121.01 - 0:00:10.506010
[   39] Accuracy: 91.66% - Loss: 119.88 - 0:00:10.517639
[   40] Accuracy: 91.80% - Loss: 116.99 - 0:00:10.519063
[   41] Accuracy: 92.09% - Loss: 113.28 - 0:00:10.517648
[   42] Accuracy: 92.43% - Loss: 107.46 - 0:00:10.526184
[   43] Accuracy: 92.66% - Loss: 103.20 - 0:00:10.515377
[   44] Accuracy: 93.21% - Loss:  97.28 - 0:00:10.507320
[   45] Accuracy: 93.13% - Loss:  96.44 - 0:00:10.514349
[   46] Accuracy: 93.44% - Loss:  91.79 - 0:00:10.520258
[   47] Accuracy: 93.84% - Loss:  87.51 - 0:00:10.513391
[   48] Accuracy: 94.25% - Loss:  83.20 - 0:00:10.522265
[   49] Accuracy: 94.38% - Loss:  79.41 - 0:00:10.523772
[   50] Accuracy: 94.65% - Loss:  76.88 - 0:00:10.509575
[   51] Accuracy: 94.81% - Loss:  74.78 - 0:00:10.523096
[   52] Accuracy: 95.19% - Loss:  70.12 - 0:00:10.502989
[   53] Accuracy: 95.21% - Loss:  69.21 - 0:00:10.507308
[   54] Accuracy: 95.76% - Loss:  63.08 - 0:00:10.514090
[   55] Accuracy: 95.87% - Loss:  61.26 - 0:00:10.507984
[   56] Accuracy: 96.18% - Loss:  57.46 - 0:00:10.495311
[   57] Accuracy: 96.16% - Loss:  57.64 - 0:00:10.490324
[   58] Accuracy: 96.13% - Loss:  56.66 - 0:00:10.497951
[   59] Accuracy: 96.71% - Loss:  50.38 - 0:00:10.502460
[   60] Accuracy: 96.68% - Loss:  49.41 - 0:00:10.497033
[   61] Accuracy: 96.96% - Loss:  45.92 - 0:00:10.498812
[   62] Accuracy: 96.83% - Loss:  47.46 - 0:00:10.501660
[   63] Accuracy: 97.12% - Loss:  44.59 - 0:00:10.503116
[   64] Accuracy: 97.41% - Loss:  40.61 - 0:00:10.496865
[   65] Accuracy: 97.12% - Loss:  42.36 - 0:00:10.495903
[   66] Accuracy: 97.27% - Loss:  40.68 - 0:00:10.505150
[   67] Accuracy: 97.47% - Loss:  38.22 - 0:00:10.500806
[   68] Accuracy: 97.75% - Loss:  35.10 - 0:00:10.503402
[   69] Accuracy: 97.85% - Loss:  34.52 - 0:00:10.497518
[   70] Accuracy: 97.71% - Loss:  35.64 - 0:00:10.500445
[   71] Accuracy: 97.95% - Loss:  33.22 - 0:00:10.486177
[   72] Accuracy: 97.56% - Loss:  36.69 - 0:00:10.499064
[   73] Accuracy: 97.79% - Loss:  33.97 - 0:00:10.495043
[   74] Accuracy: 98.27% - Loss:  27.70 - 0:00:10.512141
[   75] Accuracy: 98.21% - Loss:  29.09 - 0:00:10.508213
[   76] Accuracy: 98.66% - Loss:  23.96 - 0:00:10.507123
[   77] Accuracy: 98.89% - Loss:  20.95 - 0:00:10.519950
[   78] Accuracy: 99.06% - Loss:  19.04 - 0:00:10.496324
[   79] Accuracy: 99.50% - Loss:  14.05 - 0:00:10.499853
[   80] Accuracy: 99.75% - Loss:  10.31 - 0:00:10.506585
[   81] Accuracy: 99.90% - Loss:   7.63 - 0:00:10.507884
[   82] Accuracy: 99.96% - Loss:   6.18 - 0:00:10.508280
[   83] Accuracy: 99.99% - Loss:   4.91 - 0:00:10.515300
[   84] Accuracy: 100.00% - Loss:   4.09 - 0:00:10.510206
[   85] Accuracy: 100.00% - Loss:   3.56 - 0:00:10.512521
[   86] Accuracy: 100.00% - Loss:   3.20 - 0:00:10.506680
[   87] Accuracy: 100.00% - Loss:   2.96 - 0:00:10.511518
[   88] Accuracy: 100.00% - Loss:   2.76 - 0:00:10.518085
[   89] Accuracy: 100.00% - Loss:   2.60 - 0:00:10.525098
[   90] Accuracy: 100.00% - Loss:   2.46 - 0:00:10.518684
[   91] Accuracy: 100.00% - Loss:   2.33 - 0:00:10.526860
[   92] Accuracy: 100.00% - Loss:   2.22 - 0:00:10.520374
[   93] Accuracy: 100.00% - Loss:   2.11 - 0:00:10.520224
[   94] Accuracy: 100.00% - Loss:   2.02 - 0:00:10.523314
[   95] Accuracy: 100.00% - Loss:   1.94 - 0:00:10.527119
[   96] Accuracy: 100.00% - Loss:   1.86 - 0:00:10.522463
[   97] Accuracy: 100.00% - Loss:   1.79 - 0:00:10.514133
[   98] Accuracy: 100.00% - Loss:   1.73 - 0:00:10.526784
[   99] Accuracy: 100.00% - Loss:   1.67 - 0:00:10.519089
[  100] Accuracy: 100.00% - Loss:   1.61 - 0:00:10.521315
Elapsed time: 0:17:30.881099
Test error: 28.37% 2837 / 10000
