INFO:CUDA IS AVAILABLE. USING CUDA
INFO:Data Loaded
INFO:Model Created
INFO:[    1] Accuracy: 10.37% - Loss: 1151.60 - 0:00:10.905794
INFO:[    2] Accuracy: 16.91% - Loss: 1113.72 - 0:00:10.901081
INFO:[    3] Accuracy: 24.21% - Loss: 1015.81 - 0:00:10.905786
INFO:[    4] Accuracy: 31.40% - Loss: 924.27 - 0:00:10.892812
INFO:[    5] Accuracy: 36.66% - Loss: 855.14 - 0:00:10.873523
INFO:[    6] Accuracy: 40.30% - Loss: 806.45 - 0:00:10.900576
INFO:[    7] Accuracy: 43.47% - Loss: 767.42 - 0:00:10.901371
INFO:[    8] Accuracy: 46.45% - Loss: 731.21 - 0:00:10.905503
INFO:[    9] Accuracy: 49.05% - Loss: 700.40 - 0:00:10.899677
INFO:[   10] Accuracy: 51.32% - Loss: 673.05 - 0:00:10.906108
INFO:[   11] Accuracy: 53.09% - Loss: 650.32 - 0:00:10.897986
INFO:[   12] Accuracy: 54.77% - Loss: 627.60 - 0:00:10.907556
INFO:[   13] Accuracy: 56.03% - Loss: 609.67 - 0:00:10.906556
INFO:[   14] Accuracy: 57.71% - Loss: 590.59 - 0:00:10.900511
INFO:[   15] Accuracy: 58.72% - Loss: 575.36 - 0:00:10.894066
INFO:[   16] Accuracy: 59.84% - Loss: 561.57 - 0:00:10.902169
INFO:[   17] Accuracy: 60.97% - Loss: 547.06 - 0:00:10.895898
INFO:[   18] Accuracy: 61.59% - Loss: 535.60 - 0:00:10.895704
INFO:[   19] Accuracy: 62.89% - Loss: 523.22 - 0:00:10.897877
INFO:[   20] Accuracy: 63.44% - Loss: 511.95 - 0:00:10.906304
INFO:[   21] Accuracy: 64.33% - Loss: 500.94 - 0:00:10.890873
INFO:[   22] Accuracy: 65.39% - Loss: 489.76 - 0:00:10.904636
INFO:[   23] Accuracy: 66.31% - Loss: 477.42 - 0:00:10.853530
INFO:[   24] Accuracy: 66.71% - Loss: 470.27 - 0:00:10.908397
INFO:[   25] Accuracy: 67.32% - Loss: 461.97 - 0:00:10.911549
INFO:[   26] Accuracy: 68.21% - Loss: 451.92 - 0:00:10.910705
INFO:[   27] Accuracy: 68.64% - Loss: 443.63 - 0:00:10.913255
INFO:[   28] Accuracy: 69.33% - Loss: 434.76 - 0:00:10.888472
INFO:[   29] Accuracy: 69.79% - Loss: 425.33 - 0:00:10.869981
INFO:[   30] Accuracy: 70.32% - Loss: 420.58 - 0:00:10.900787
INFO:[   31] Accuracy: 70.89% - Loss: 412.52 - 0:00:10.901780
INFO:[   32] Accuracy: 71.27% - Loss: 405.09 - 0:00:10.896345
INFO:[   33] Accuracy: 72.18% - Loss: 396.18 - 0:00:10.908184
INFO:[   34] Accuracy: 72.40% - Loss: 393.53 - 0:00:10.892059
INFO:[   35] Accuracy: 72.98% - Loss: 384.86 - 0:00:10.912797
INFO:[   36] Accuracy: 73.18% - Loss: 382.07 - 0:00:10.903874
INFO:[   37] Accuracy: 73.83% - Loss: 373.74 - 0:00:10.901114
INFO:[   38] Accuracy: 74.20% - Loss: 366.33 - 0:00:10.908499
INFO:[   39] Accuracy: 74.49% - Loss: 361.34 - 0:00:10.886208
INFO:[   40] Accuracy: 74.89% - Loss: 358.15 - 0:00:10.903632
INFO:[   41] Accuracy: 75.10% - Loss: 353.92 - 0:00:10.894512
INFO:[   42] Accuracy: 75.52% - Loss: 345.84 - 0:00:10.886447
INFO:[   43] Accuracy: 75.81% - Loss: 343.70 - 0:00:10.897063
INFO:[   44] Accuracy: 75.91% - Loss: 340.44 - 0:00:10.890788
INFO:[   45] Accuracy: 76.67% - Loss: 333.44 - 0:00:10.899604
INFO:[   46] Accuracy: 76.51% - Loss: 332.51 - 0:00:10.888085
INFO:[   47] Accuracy: 76.98% - Loss: 326.66 - 0:00:10.890837
INFO:[   48] Accuracy: 77.18% - Loss: 323.17 - 0:00:10.904224
INFO:[   49] Accuracy: 77.54% - Loss: 320.61 - 0:00:10.907196
INFO:[   50] Accuracy: 77.51% - Loss: 317.58 - 0:00:10.862036
INFO:[   51] Accuracy: 77.94% - Loss: 311.98 - 0:00:10.904273
INFO:[   52] Accuracy: 78.39% - Loss: 305.52 - 0:00:10.903963
INFO:[   53] Accuracy: 78.59% - Loss: 304.68 - 0:00:10.890943
INFO:[   54] Accuracy: 78.78% - Loss: 300.81 - 0:00:10.910860
INFO:[   55] Accuracy: 79.08% - Loss: 297.07 - 0:00:10.909601
INFO:[   56] Accuracy: 79.18% - Loss: 294.70 - 0:00:10.915525
INFO:[   57] Accuracy: 79.42% - Loss: 291.44 - 0:00:10.903435
INFO:[   58] Accuracy: 79.48% - Loss: 288.84 - 0:00:10.880717
INFO:[   59] Accuracy: 80.14% - Loss: 283.91 - 0:00:10.902423
INFO:[   60] Accuracy: 79.91% - Loss: 283.47 - 0:00:10.884645
INFO:[   61] Accuracy: 80.25% - Loss: 278.21 - 0:00:10.894847
INFO:[   62] Accuracy: 80.51% - Loss: 275.63 - 0:00:10.908443
INFO:[   63] Accuracy: 80.68% - Loss: 273.67 - 0:00:10.882643
INFO:[   64] Accuracy: 80.83% - Loss: 272.63 - 0:00:10.900675
INFO:[   65] Accuracy: 80.88% - Loss: 268.81 - 0:00:10.900477
INFO:[   66] Accuracy: 81.24% - Loss: 263.91 - 0:00:10.897481
INFO:[   67] Accuracy: 81.41% - Loss: 260.91 - 0:00:10.908602
INFO:[   68] Accuracy: 81.57% - Loss: 259.67 - 0:00:10.903975
INFO:[   69] Accuracy: 81.81% - Loss: 257.88 - 0:00:10.905982
INFO:[   70] Accuracy: 81.91% - Loss: 255.78 - 0:00:10.887748
INFO:[   71] Accuracy: 81.86% - Loss: 254.64 - 0:00:10.903064
INFO:[   72] Accuracy: 82.05% - Loss: 252.15 - 0:00:10.902635
INFO:[   73] Accuracy: 82.34% - Loss: 248.17 - 0:00:10.884571
INFO:[   74] Accuracy: 82.34% - Loss: 248.69 - 0:00:10.904279
INFO:[   75] Accuracy: 82.40% - Loss: 245.80 - 0:00:10.896728
INFO:[   76] Accuracy: 82.72% - Loss: 244.17 - 0:00:10.885359
INFO:[   77] Accuracy: 82.67% - Loss: 240.92 - 0:00:10.883751
INFO:[   78] Accuracy: 83.01% - Loss: 238.53 - 0:00:10.921621
INFO:[   79] Accuracy: 83.26% - Loss: 235.99 - 0:00:10.912287
INFO:[   80] Accuracy: 83.24% - Loss: 234.39 - 0:00:10.908125
INFO:[   81] Accuracy: 83.54% - Loss: 231.54 - 0:00:10.913411
INFO:[   82] Accuracy: 83.46% - Loss: 231.58 - 0:00:10.907388
INFO:[   83] Accuracy: 83.94% - Loss: 225.75 - 0:00:10.913840
INFO:[   84] Accuracy: 83.70% - Loss: 226.86 - 0:00:10.904098
INFO:[   85] Accuracy: 83.84% - Loss: 226.28 - 0:00:10.893910
INFO:[   86] Accuracy: 84.10% - Loss: 223.85 - 0:00:10.905413
INFO:[   87] Accuracy: 84.37% - Loss: 220.88 - 0:00:10.897967
INFO:[   88] Accuracy: 84.36% - Loss: 218.14 - 0:00:10.908003
INFO:[   89] Accuracy: 84.34% - Loss: 219.53 - 0:00:10.914559
INFO:[   90] Accuracy: 84.83% - Loss: 215.33 - 0:00:10.905791
INFO:[   91] Accuracy: 84.90% - Loss: 213.21 - 0:00:10.912913
INFO:[   92] Accuracy: 84.72% - Loss: 213.35 - 0:00:10.911755
INFO:[   93] Accuracy: 84.95% - Loss: 210.46 - 0:00:10.892832
INFO:[   94] Accuracy: 85.06% - Loss: 210.18 - 0:00:10.884245
INFO:[   95] Accuracy: 85.09% - Loss: 210.46 - 0:00:10.882183
INFO:[   96] Accuracy: 84.75% - Loss: 208.95 - 0:00:10.896163
INFO:[   97] Accuracy: 85.31% - Loss: 206.46 - 0:00:10.909325
INFO:[   98] Accuracy: 85.38% - Loss: 204.56 - 0:00:10.910886
INFO:[   99] Accuracy: 85.36% - Loss: 203.58 - 0:00:10.911494
INFO:[  100] Accuracy: 85.38% - Loss: 202.23 - 0:00:10.908486
INFO:[  101] Accuracy: 85.76% - Loss: 198.29 - 0:00:10.910464
INFO:[  102] Accuracy: 85.78% - Loss: 198.60 - 0:00:10.904188
INFO:[  103] Accuracy: 85.96% - Loss: 196.44 - 0:00:10.922005
INFO:[  104] Accuracy: 85.68% - Loss: 199.46 - 0:00:10.900255
INFO:[  105] Accuracy: 85.83% - Loss: 196.28 - 0:00:10.909977
INFO:[  106] Accuracy: 86.17% - Loss: 192.45 - 0:00:10.903435
INFO:[  107] Accuracy: 86.42% - Loss: 191.05 - 0:00:10.893464
INFO:[  108] Accuracy: 86.25% - Loss: 190.11 - 0:00:10.903527
INFO:[  109] Accuracy: 86.41% - Loss: 189.93 - 0:00:10.905980
INFO:[  110] Accuracy: 86.36% - Loss: 188.12 - 0:00:10.892112
INFO:[  111] Accuracy: 86.47% - Loss: 187.81 - 0:00:10.877620
INFO:[  112] Accuracy: 86.48% - Loss: 187.47 - 0:00:10.889773
INFO:[  113] Accuracy: 86.75% - Loss: 185.28 - 0:00:10.885017
INFO:[  114] Accuracy: 86.66% - Loss: 185.39 - 0:00:10.856744
INFO:[  115] Accuracy: 87.05% - Loss: 183.20 - 0:00:10.906879
INFO:[  116] Accuracy: 86.88% - Loss: 182.88 - 0:00:10.912035
INFO:[  117] Accuracy: 87.02% - Loss: 181.34 - 0:00:10.904478
INFO:[  118] Accuracy: 87.12% - Loss: 179.25 - 0:00:10.915444
INFO:[  119] Accuracy: 87.16% - Loss: 178.12 - 0:00:10.905753
INFO:[  120] Accuracy: 87.15% - Loss: 179.00 - 0:00:10.912334
INFO:[  121] Accuracy: 87.22% - Loss: 179.14 - 0:00:10.900735
INFO:[  122] Accuracy: 87.18% - Loss: 179.43 - 0:00:10.897364
INFO:[  123] Accuracy: 87.27% - Loss: 175.10 - 0:00:10.898823
INFO:[  124] Accuracy: 87.43% - Loss: 173.00 - 0:00:10.899628
INFO:[  125] Accuracy: 87.44% - Loss: 174.18 - 0:00:10.901128
INFO:[  126] Accuracy: 87.42% - Loss: 173.66 - 0:00:10.907510
INFO:[  127] Accuracy: 87.48% - Loss: 172.93 - 0:00:10.910521
INFO:[  128] Accuracy: 87.65% - Loss: 171.45 - 0:00:10.903466
INFO:[  129] Accuracy: 87.88% - Loss: 169.38 - 0:00:10.918082
INFO:[  130] Accuracy: 87.77% - Loss: 168.41 - 0:00:10.880435
INFO:[  131] Accuracy: 87.84% - Loss: 168.69 - 0:00:10.870977
INFO:[  132] Accuracy: 87.87% - Loss: 168.02 - 0:00:10.871664
INFO:[  133] Accuracy: 88.14% - Loss: 164.43 - 0:00:10.864174
INFO:[  134] Accuracy: 88.04% - Loss: 167.29 - 0:00:10.897978
INFO:[  135] Accuracy: 88.26% - Loss: 163.56 - 0:00:10.908490
INFO:[  136] Accuracy: 88.08% - Loss: 164.12 - 0:00:10.903154
INFO:[  137] Accuracy: 88.39% - Loss: 161.47 - 0:00:10.896611
INFO:[  138] Accuracy: 87.93% - Loss: 166.36 - 0:00:10.904649
INFO:[  139] Accuracy: 88.45% - Loss: 160.94 - 0:00:10.906744
INFO:[  140] Accuracy: 88.42% - Loss: 158.55 - 0:00:10.905048
INFO:[  141] Accuracy: 88.48% - Loss: 160.54 - 0:00:10.916909
INFO:[  142] Accuracy: 88.61% - Loss: 157.24 - 0:00:10.912089
INFO:[  143] Accuracy: 88.28% - Loss: 160.94 - 0:00:10.914554
INFO:[  144] Accuracy: 88.49% - Loss: 157.70 - 0:00:10.907217
INFO:[  145] Accuracy: 88.59% - Loss: 157.59 - 0:00:10.914322
INFO:[  146] Accuracy: 88.71% - Loss: 155.98 - 0:00:10.914052
INFO:[  147] Accuracy: 88.95% - Loss: 155.34 - 0:00:10.907293
INFO:[  148] Accuracy: 88.86% - Loss: 155.02 - 0:00:10.906737
INFO:[  149] Accuracy: 88.80% - Loss: 154.07 - 0:00:10.895129
INFO:[  150] Accuracy: 88.99% - Loss: 153.17 - 0:00:10.887188
INFO:[  151] Accuracy: 88.85% - Loss: 153.12 - 0:00:10.888251
INFO:[  152] Accuracy: 89.03% - Loss: 150.40 - 0:00:10.888311
INFO:[  153] Accuracy: 89.11% - Loss: 150.84 - 0:00:10.914405
INFO:[  154] Accuracy: 89.03% - Loss: 151.45 - 0:00:10.909528
INFO:[  155] Accuracy: 89.20% - Loss: 148.87 - 0:00:10.909234
INFO:[  156] Accuracy: 89.03% - Loss: 151.58 - 0:00:10.915016
INFO:[  157] Accuracy: 89.35% - Loss: 145.65 - 0:00:10.905340
INFO:[  158] Accuracy: 89.23% - Loss: 148.82 - 0:00:10.904592
INFO:[  159] Accuracy: 89.26% - Loss: 149.18 - 0:00:10.897060
INFO:[  160] Accuracy: 89.42% - Loss: 146.28 - 0:00:10.912150
INFO:[  161] Accuracy: 89.35% - Loss: 145.90 - 0:00:10.889304
INFO:[  162] Accuracy: 89.56% - Loss: 144.19 - 0:00:10.907588
INFO:[  163] Accuracy: 89.42% - Loss: 145.96 - 0:00:10.905736
INFO:[  164] Accuracy: 89.58% - Loss: 143.75 - 0:00:10.896917
INFO:[  165] Accuracy: 89.54% - Loss: 143.97 - 0:00:10.903213
INFO:[  166] Accuracy: 89.87% - Loss: 141.55 - 0:00:10.910232
INFO:[  167] Accuracy: 89.64% - Loss: 142.52 - 0:00:10.902951
INFO:[  168] Accuracy: 89.80% - Loss: 139.45 - 0:00:10.891876
INFO:[  169] Accuracy: 89.70% - Loss: 141.97 - 0:00:10.894302
INFO:[  170] Accuracy: 89.75% - Loss: 140.25 - 0:00:10.916706
INFO:[  171] Accuracy: 89.85% - Loss: 140.05 - 0:00:10.894797
INFO:[  172] Accuracy: 89.76% - Loss: 142.04 - 0:00:10.907220
INFO:[  173] Accuracy: 89.81% - Loss: 141.22 - 0:00:10.906564
INFO:[  174] Accuracy: 89.95% - Loss: 136.47 - 0:00:10.917387
INFO:[  175] Accuracy: 89.97% - Loss: 137.83 - 0:00:10.905735
INFO:[  176] Accuracy: 89.99% - Loss: 138.40 - 0:00:10.900817
INFO:[  177] Accuracy: 89.95% - Loss: 137.64 - 0:00:10.915523
INFO:[  178] Accuracy: 90.09% - Loss: 137.94 - 0:00:10.908751
INFO:[  179] Accuracy: 90.20% - Loss: 136.13 - 0:00:10.909650
INFO:[  180] Accuracy: 90.31% - Loss: 135.10 - 0:00:10.907934
INFO:[  181] Accuracy: 90.03% - Loss: 137.21 - 0:00:10.899376
INFO:[  182] Accuracy: 90.30% - Loss: 133.39 - 0:00:10.900235
INFO:[  183] Accuracy: 90.16% - Loss: 134.04 - 0:00:10.918398
INFO:[  184] Accuracy: 90.35% - Loss: 134.16 - 0:00:10.907547
INFO:[  185] Accuracy: 90.33% - Loss: 136.03 - 0:00:10.890924
INFO:[  186] Accuracy: 90.50% - Loss: 131.93 - 0:00:10.883432
INFO:[  187] Accuracy: 90.19% - Loss: 134.80 - 0:00:10.886081
INFO:[  188] Accuracy: 90.48% - Loss: 130.37 - 0:00:10.871834
INFO:[  189] Accuracy: 90.40% - Loss: 132.29 - 0:00:10.913609
INFO:[  190] Accuracy: 90.60% - Loss: 130.77 - 0:00:10.924594
INFO:[  191] Accuracy: 90.68% - Loss: 128.44 - 0:00:10.912724
INFO:[  192] Accuracy: 90.56% - Loss: 131.17 - 0:00:10.906169
INFO:[  193] Accuracy: 90.67% - Loss: 129.88 - 0:00:10.909693
INFO:[  194] Accuracy: 90.94% - Loss: 126.77 - 0:00:10.910908
INFO:[  195] Accuracy: 90.64% - Loss: 129.03 - 0:00:10.897414
INFO:[  196] Accuracy: 90.72% - Loss: 128.06 - 0:00:10.903499
INFO:[  197] Accuracy: 90.72% - Loss: 129.78 - 0:00:10.901111
INFO:[  198] Accuracy: 90.85% - Loss: 126.32 - 0:00:10.906140
INFO:[  199] Accuracy: 90.86% - Loss: 126.10 - 0:00:10.889642
INFO:[  200] Accuracy: 90.63% - Loss: 129.23 - 0:00:10.902606
INFO:[  201] Accuracy: 90.79% - Loss: 126.92 - 0:00:10.915980
INFO:[  202] Accuracy: 91.06% - Loss: 124.39 - 0:00:10.903262
INFO:[  203] Accuracy: 91.00% - Loss: 124.00 - 0:00:10.904952
INFO:[  204] Accuracy: 90.69% - Loss: 127.96 - 0:00:10.873033
INFO:[  205] Accuracy: 90.92% - Loss: 125.70 - 0:00:10.880457
INFO:[  206] Accuracy: 90.87% - Loss: 125.22 - 0:00:10.871767
INFO:[  207] Accuracy: 90.89% - Loss: 126.12 - 0:00:10.884554
INFO:[  208] Accuracy: 91.18% - Loss: 122.92 - 0:00:10.917919
INFO:[  209] Accuracy: 91.08% - Loss: 123.46 - 0:00:10.910394
INFO:[  210] Accuracy: 91.16% - Loss: 121.63 - 0:00:10.907061
INFO:[  211] Accuracy: 91.11% - Loss: 124.06 - 0:00:10.909595
INFO:[  212] Accuracy: 91.03% - Loss: 121.92 - 0:00:10.911334
INFO:[  213] Accuracy: 91.11% - Loss: 122.16 - 0:00:10.906262
INFO:[  214] Accuracy: 91.42% - Loss: 120.45 - 0:00:10.904023
INFO:[  215] Accuracy: 91.29% - Loss: 120.89 - 0:00:10.904824
INFO:[  216] Accuracy: 91.31% - Loss: 120.98 - 0:00:10.904313
INFO:[  217] Accuracy: 91.48% - Loss: 117.47 - 0:00:10.912081
INFO:[  218] Accuracy: 91.50% - Loss: 118.36 - 0:00:10.905035
INFO:[  219] Accuracy: 91.47% - Loss: 117.21 - 0:00:10.917206
INFO:[  220] Accuracy: 91.29% - Loss: 120.15 - 0:00:10.911244
INFO:[  221] Accuracy: 91.50% - Loss: 118.09 - 0:00:10.900977
INFO:[  222] Accuracy: 91.40% - Loss: 119.45 - 0:00:10.899436
INFO:[  223] Accuracy: 91.39% - Loss: 119.10 - 0:00:10.893370
INFO:[  224] Accuracy: 91.46% - Loss: 117.93 - 0:00:10.895537
INFO:[  225] Accuracy: 91.39% - Loss: 119.56 - 0:00:10.904653
INFO:[  226] Accuracy: 91.56% - Loss: 116.87 - 0:00:10.912987
INFO:[  227] Accuracy: 91.50% - Loss: 116.87 - 0:00:10.905180
INFO:[  228] Accuracy: 91.50% - Loss: 116.97 - 0:00:10.917600
INFO:[  229] Accuracy: 91.63% - Loss: 115.61 - 0:00:10.913518
INFO:[  230] Accuracy: 91.69% - Loss: 115.36 - 0:00:10.902715
INFO:[  231] Accuracy: 91.40% - Loss: 118.83 - 0:00:10.907191
INFO:[  232] Accuracy: 91.59% - Loss: 117.15 - 0:00:10.900891
INFO:[  233] Accuracy: 91.77% - Loss: 114.28 - 0:00:10.910924
INFO:[  234] Accuracy: 91.66% - Loss: 114.02 - 0:00:10.906146
INFO:[  235] Accuracy: 91.78% - Loss: 112.83 - 0:00:10.902574
INFO:[  236] Accuracy: 91.81% - Loss: 112.76 - 0:00:10.894391
INFO:[  237] Accuracy: 92.07% - Loss: 110.56 - 0:00:10.902787
INFO:[  238] Accuracy: 91.80% - Loss: 113.15 - 0:00:10.889869
INFO:[  239] Accuracy: 91.81% - Loss: 115.24 - 0:00:10.902710
INFO:[  240] Accuracy: 91.96% - Loss: 113.11 - 0:00:10.888737
INFO:[  241] Accuracy: 91.89% - Loss: 112.56 - 0:00:10.888337
INFO:[  242] Accuracy: 91.94% - Loss: 110.95 - 0:00:10.881401
INFO:[  243] Accuracy: 91.94% - Loss: 111.69 - 0:00:10.863162
INFO:[  244] Accuracy: 91.88% - Loss: 112.05 - 0:00:10.906342
INFO:[  245] Accuracy: 92.01% - Loss: 111.50 - 0:00:10.907892
INFO:[  246] Accuracy: 91.89% - Loss: 111.62 - 0:00:10.909776
INFO:[  247] Accuracy: 91.93% - Loss: 113.52 - 0:00:10.902567
INFO:[  248] Accuracy: 92.18% - Loss: 110.07 - 0:00:10.890875
INFO:[  249] Accuracy: 92.09% - Loss: 110.30 - 0:00:10.914337
INFO:[  250] Accuracy: 92.19% - Loss: 108.43 - 0:00:10.894526
INFO:[  251] Accuracy: 92.15% - Loss: 109.47 - 0:00:10.902084
INFO:[  252] Accuracy: 92.11% - Loss: 108.97 - 0:00:10.892262
INFO:[  253] Accuracy: 92.32% - Loss: 106.72 - 0:00:10.896611
INFO:[  254] Accuracy: 92.08% - Loss: 110.51 - 0:00:10.906788
INFO:[  255] Accuracy: 92.39% - Loss: 106.39 - 0:00:10.910996
INFO:[  256] Accuracy: 92.20% - Loss: 108.06 - 0:00:10.905702
INFO:[  257] Accuracy: 92.25% - Loss: 108.30 - 0:00:10.910473
INFO:[  258] Accuracy: 92.30% - Loss: 106.57 - 0:00:10.907699
INFO:[  259] Accuracy: 92.35% - Loss: 107.10 - 0:00:10.874100
INFO:[  260] Accuracy: 92.40% - Loss: 105.35 - 0:00:10.885301
INFO:[  261] Accuracy: 92.13% - Loss: 110.30 - 0:00:10.902373
INFO:[  262] Accuracy: 92.42% - Loss: 105.35 - 0:00:10.907409
INFO:[  263] Accuracy: 92.46% - Loss: 105.10 - 0:00:10.908259
INFO:[  264] Accuracy: 92.36% - Loss: 104.30 - 0:00:10.909653
INFO:[  265] Accuracy: 92.27% - Loss: 106.56 - 0:00:10.913932
INFO:[  266] Accuracy: 92.41% - Loss: 105.19 - 0:00:10.908191
INFO:[  267] Accuracy: 92.44% - Loss: 104.94 - 0:00:10.914397
INFO:[  268] Accuracy: 92.64% - Loss: 101.92 - 0:00:10.904600
INFO:[  269] Accuracy: 92.70% - Loss: 100.83 - 0:00:10.901115
INFO:[  270] Accuracy: 92.71% - Loss: 103.12 - 0:00:10.900456
INFO:[  271] Accuracy: 92.89% - Loss:  99.88 - 0:00:10.897228
INFO:[  272] Accuracy: 92.45% - Loss: 105.15 - 0:00:10.902628
INFO:[  273] Accuracy: 92.57% - Loss: 104.58 - 0:00:10.905036
INFO:[  274] Accuracy: 92.72% - Loss: 101.26 - 0:00:10.903382
INFO:[  275] Accuracy: 92.61% - Loss: 103.33 - 0:00:10.906344
INFO:[  276] Accuracy: 92.67% - Loss: 102.64 - 0:00:10.886864
INFO:[  277] Accuracy: 92.59% - Loss: 103.42 - 0:00:10.891659
INFO:[  278] Accuracy: 92.72% - Loss: 101.15 - 0:00:10.892693
INFO:[  279] Accuracy: 92.77% - Loss: 100.18 - 0:00:10.909140
INFO:[  280] Accuracy: 92.82% - Loss: 101.54 - 0:00:10.913058
INFO:[  281] Accuracy: 92.79% - Loss:  99.71 - 0:00:10.910521
INFO:[  282] Accuracy: 92.61% - Loss: 102.68 - 0:00:10.912391
INFO:[  283] Accuracy: 92.69% - Loss: 101.26 - 0:00:10.914241
INFO:[  284] Accuracy: 92.83% - Loss:  97.09 - 0:00:10.902882
INFO:[  285] Accuracy: 92.87% - Loss:  99.00 - 0:00:10.904196
INFO:[  286] Accuracy: 92.77% - Loss: 100.34 - 0:00:10.898933
INFO:[  287] Accuracy: 92.78% - Loss: 100.42 - 0:00:10.901084
INFO:[  288] Accuracy: 92.76% - Loss: 101.10 - 0:00:10.895742
INFO:[  289] Accuracy: 92.84% - Loss:  98.77 - 0:00:10.901145
INFO:[  290] Accuracy: 93.01% - Loss:  98.18 - 0:00:10.912851
INFO:[  291] Accuracy: 92.86% - Loss: 100.73 - 0:00:10.911724
INFO:[  292] Accuracy: 93.01% - Loss:  97.98 - 0:00:10.887964
INFO:[  293] Accuracy: 92.97% - Loss:  97.88 - 0:00:10.910626
INFO:[  294] Accuracy: 93.07% - Loss:  96.02 - 0:00:10.901368
INFO:[  295] Accuracy: 93.06% - Loss:  96.52 - 0:00:10.889402
INFO:[  296] Accuracy: 93.00% - Loss:  98.49 - 0:00:10.892536
INFO:[  297] Accuracy: 93.03% - Loss:  97.74 - 0:00:10.889156
INFO:[  298] Accuracy: 93.01% - Loss:  96.47 - 0:00:10.905840
INFO:[  299] Accuracy: 93.15% - Loss:  95.60 - 0:00:10.917308
INFO:[  300] Accuracy: 93.00% - Loss:  96.83 - 0:00:10.913279
INFO:Elapsed time: 0:54:30.599097
INFO:Test error: 25.47% 2547 / 10000
