INFO:CUDA IS AVAILABLE. USING CUDA
INFO:Data Loaded
INFO:Model Created
INFO:Changing ETA = 0.1
INFO:[    1] Accuracy: 24.46% - Loss: 1009.70 - 0:00:10.916907
INFO:[    2] Accuracy: 38.53% - Loss: 835.03 - 0:00:10.870677
INFO:[    3] Accuracy: 47.56% - Loss: 721.60 - 0:00:10.941561
INFO:[    4] Accuracy: 53.87% - Loss: 640.00 - 0:00:10.949920
INFO:[    5] Accuracy: 58.57% - Loss: 580.29 - 0:00:10.932271
INFO:[    6] Accuracy: 62.51% - Loss: 533.12 - 0:00:10.897907
INFO:[    7] Accuracy: 64.68% - Loss: 499.83 - 0:00:10.835291
INFO:[    8] Accuracy: 66.69% - Loss: 473.88 - 0:00:10.862060
INFO:[    9] Accuracy: 68.17% - Loss: 453.40 - 0:00:10.934099
INFO:[   10] Accuracy: 69.27% - Loss: 433.32 - 0:00:10.928295
INFO:[   11] Accuracy: 71.09% - Loss: 415.87 - 0:00:10.919161
INFO:[   12] Accuracy: 71.71% - Loss: 405.35 - 0:00:10.921380
INFO:[   13] Accuracy: 72.72% - Loss: 390.76 - 0:00:10.928200
INFO:[   14] Accuracy: 73.21% - Loss: 384.26 - 0:00:10.917082
INFO:[   15] Accuracy: 73.62% - Loss: 376.75 - 0:00:10.915023
INFO:[   16] Accuracy: 74.32% - Loss: 367.66 - 0:00:10.917806
INFO:[   17] Accuracy: 74.52% - Loss: 360.14 - 0:00:10.925506
INFO:[   18] Accuracy: 75.27% - Loss: 353.88 - 0:00:10.909216
INFO:[   19] Accuracy: 75.60% - Loss: 347.88 - 0:00:10.911510
INFO:[   20] Accuracy: 75.93% - Loss: 342.87 - 0:00:10.910588
INFO:[   21] Accuracy: 76.17% - Loss: 338.83 - 0:00:10.905855
INFO:[   22] Accuracy: 76.65% - Loss: 333.96 - 0:00:10.921135
INFO:[   23] Accuracy: 76.60% - Loss: 334.42 - 0:00:10.909026
INFO:[   24] Accuracy: 77.10% - Loss: 328.35 - 0:00:10.908424
INFO:[   25] Accuracy: 77.14% - Loss: 325.08 - 0:00:10.911428
INFO:[   26] Accuracy: 77.72% - Loss: 320.37 - 0:00:10.919594
INFO:[   27] Accuracy: 77.80% - Loss: 319.89 - 0:00:10.898541
INFO:[   28] Accuracy: 78.12% - Loss: 313.60 - 0:00:10.915090
INFO:[   29] Accuracy: 77.87% - Loss: 314.83 - 0:00:10.905454
INFO:[   30] Accuracy: 77.94% - Loss: 313.98 - 0:00:10.888375
INFO:[   31] Accuracy: 78.19% - Loss: 310.42 - 0:00:10.907882
INFO:[   32] Accuracy: 78.59% - Loss: 304.50 - 0:00:10.909919
INFO:[   33] Accuracy: 78.31% - Loss: 306.67 - 0:00:10.925423
INFO:[   34] Accuracy: 78.82% - Loss: 304.29 - 0:00:10.895893
INFO:[   35] Accuracy: 78.70% - Loss: 304.17 - 0:00:10.919040
INFO:[   36] Accuracy: 79.04% - Loss: 301.70 - 0:00:10.903677
INFO:[   37] Accuracy: 79.35% - Loss: 298.11 - 0:00:10.916169
INFO:[   38] Accuracy: 79.31% - Loss: 295.04 - 0:00:10.905265
INFO:[   39] Accuracy: 78.93% - Loss: 300.03 - 0:00:10.904815
INFO:[   40] Accuracy: 79.37% - Loss: 296.42 - 0:00:10.904082
INFO:[   41] Accuracy: 79.31% - Loss: 297.72 - 0:00:10.913796
INFO:[   42] Accuracy: 79.18% - Loss: 299.20 - 0:00:10.915246
INFO:[   43] Accuracy: 79.43% - Loss: 297.66 - 0:00:10.917369
INFO:[   44] Accuracy: 79.29% - Loss: 297.05 - 0:00:10.911015
INFO:[   45] Accuracy: 79.64% - Loss: 292.75 - 0:00:10.911433
INFO:[   46] Accuracy: 79.81% - Loss: 290.56 - 0:00:10.909032
INFO:[   47] Accuracy: 79.63% - Loss: 291.06 - 0:00:10.912607
INFO:[   48] Accuracy: 79.98% - Loss: 290.19 - 0:00:10.908338
INFO:[   49] Accuracy: 79.95% - Loss: 288.56 - 0:00:10.915481
INFO:[   50] Accuracy: 79.76% - Loss: 292.02 - 0:00:10.906684
INFO:[   51] Accuracy: 80.02% - Loss: 285.90 - 0:00:10.910646
INFO:[   52] Accuracy: 80.23% - Loss: 285.43 - 0:00:10.910757
INFO:[   53] Accuracy: 80.27% - Loss: 285.10 - 0:00:10.906482
INFO:[   54] Accuracy: 80.14% - Loss: 286.92 - 0:00:10.913789
INFO:[   55] Accuracy: 80.19% - Loss: 284.70 - 0:00:10.909047
INFO:[   56] Accuracy: 80.59% - Loss: 280.07 - 0:00:10.908837
INFO:[   57] Accuracy: 80.50% - Loss: 280.05 - 0:00:10.891672
INFO:[   58] Accuracy: 80.50% - Loss: 281.91 - 0:00:10.888842
INFO:[   59] Accuracy: 80.07% - Loss: 286.19 - 0:00:10.897670
INFO:[   60] Accuracy: 80.43% - Loss: 282.02 - 0:00:10.906104
INFO:[   61] Accuracy: 80.51% - Loss: 281.08 - 0:00:10.901436
INFO:[   62] Accuracy: 80.05% - Loss: 286.13 - 0:00:10.901481
INFO:[   63] Accuracy: 80.50% - Loss: 280.82 - 0:00:10.897143
INFO:[   64] Accuracy: 80.63% - Loss: 279.62 - 0:00:10.885520
INFO:[   65] Accuracy: 80.84% - Loss: 278.05 - 0:00:10.879116
INFO:[   66] Accuracy: 80.78% - Loss: 278.48 - 0:00:10.869744
INFO:[   67] Accuracy: 80.51% - Loss: 281.67 - 0:00:10.880669
INFO:[   68] Accuracy: 80.56% - Loss: 282.36 - 0:00:10.863752
INFO:[   69] Accuracy: 80.61% - Loss: 279.39 - 0:00:10.866874
INFO:[   70] Accuracy: 80.33% - Loss: 280.77 - 0:00:10.879255
INFO:[   71] Accuracy: 80.82% - Loss: 277.86 - 0:00:10.878824
INFO:[   72] Accuracy: 80.76% - Loss: 278.69 - 0:00:10.905189
INFO:[   73] Accuracy: 80.36% - Loss: 281.73 - 0:00:10.890780
INFO:[   74] Accuracy: 80.52% - Loss: 280.68 - 0:00:10.892102
INFO:[   75] Accuracy: 80.61% - Loss: 278.69 - 0:00:10.906412
INFO:[   76] Accuracy: 80.90% - Loss: 276.20 - 0:00:10.904650
INFO:[   77] Accuracy: 80.54% - Loss: 278.50 - 0:00:10.886913
INFO:[   78] Accuracy: 80.62% - Loss: 278.94 - 0:00:10.878795
INFO:[   79] Accuracy: 80.84% - Loss: 277.71 - 0:00:10.898255
INFO:[   80] Accuracy: 80.74% - Loss: 277.74 - 0:00:10.906786
INFO:[   81] Accuracy: 80.73% - Loss: 280.00 - 0:00:10.900028
INFO:[   82] Accuracy: 80.75% - Loss: 278.18 - 0:00:10.903752
INFO:[   83] Accuracy: 80.85% - Loss: 278.56 - 0:00:10.905546
INFO:[   84] Accuracy: 81.20% - Loss: 274.31 - 0:00:10.906715
INFO:[   85] Accuracy: 81.30% - Loss: 272.93 - 0:00:10.898552
INFO:[   86] Accuracy: 80.62% - Loss: 280.70 - 0:00:10.910568
INFO:[   87] Accuracy: 80.63% - Loss: 279.96 - 0:00:10.913241
INFO:[   88] Accuracy: 80.87% - Loss: 277.10 - 0:00:10.909491
INFO:[   89] Accuracy: 80.97% - Loss: 275.08 - 0:00:10.904332
INFO:[   90] Accuracy: 81.03% - Loss: 276.47 - 0:00:10.906812
INFO:[   91] Accuracy: 80.94% - Loss: 276.48 - 0:00:10.913248
INFO:[   92] Accuracy: 80.69% - Loss: 280.53 - 0:00:10.907817
INFO:[   93] Accuracy: 81.09% - Loss: 275.52 - 0:00:10.906768
INFO:[   94] Accuracy: 80.82% - Loss: 279.32 - 0:00:10.894147
INFO:[   95] Accuracy: 80.81% - Loss: 279.66 - 0:00:10.891833
INFO:[   96] Accuracy: 81.07% - Loss: 276.18 - 0:00:10.918108
INFO:[   97] Accuracy: 81.09% - Loss: 274.87 - 0:00:10.885404
INFO:[   98] Accuracy: 81.27% - Loss: 270.49 - 0:00:10.914132
INFO:[   99] Accuracy: 81.33% - Loss: 272.10 - 0:00:10.902512
INFO:[  100] Accuracy: 81.30% - Loss: 273.33 - 0:00:10.901213
INFO:Changing ETA = 0.01
INFO:[  101] Accuracy: 85.76% - Loss: 203.96 - 0:00:10.908554
INFO:[  102] Accuracy: 87.41% - Loss: 180.26 - 0:00:10.909562
INFO:[  103] Accuracy: 88.11% - Loss: 167.67 - 0:00:10.903957
INFO:[  104] Accuracy: 88.59% - Loss: 160.78 - 0:00:10.912254
INFO:[  105] Accuracy: 89.14% - Loss: 153.51 - 0:00:10.906255
INFO:[  106] Accuracy: 89.60% - Loss: 147.80 - 0:00:10.900536
INFO:[  107] Accuracy: 89.83% - Loss: 142.64 - 0:00:10.924535
INFO:[  108] Accuracy: 90.01% - Loss: 141.40 - 0:00:10.884326
INFO:[  109] Accuracy: 90.26% - Loss: 137.66 - 0:00:10.913834
INFO:[  110] Accuracy: 90.45% - Loss: 134.11 - 0:00:10.893490
INFO:[  111] Accuracy: 90.65% - Loss: 129.92 - 0:00:10.889804
INFO:[  112] Accuracy: 90.82% - Loss: 128.66 - 0:00:10.866394
INFO:[  113] Accuracy: 90.99% - Loss: 123.77 - 0:00:10.876268
INFO:[  114] Accuracy: 91.39% - Loss: 120.50 - 0:00:10.901339
INFO:[  115] Accuracy: 91.42% - Loss: 120.95 - 0:00:10.905922
INFO:[  116] Accuracy: 91.51% - Loss: 117.58 - 0:00:10.896818
INFO:[  117] Accuracy: 91.71% - Loss: 116.02 - 0:00:10.901045
INFO:[  118] Accuracy: 91.81% - Loss: 114.73 - 0:00:10.892176
INFO:[  119] Accuracy: 92.01% - Loss: 111.55 - 0:00:10.911489
INFO:[  120] Accuracy: 92.17% - Loss: 110.48 - 0:00:10.903879
INFO:[  121] Accuracy: 92.04% - Loss: 109.11 - 0:00:10.884626
INFO:[  122] Accuracy: 92.16% - Loss: 108.55 - 0:00:10.900360
INFO:[  123] Accuracy: 92.35% - Loss: 106.01 - 0:00:10.900858
INFO:[  124] Accuracy: 92.47% - Loss: 104.21 - 0:00:10.910144
INFO:[  125] Accuracy: 92.73% - Loss: 101.89 - 0:00:10.909781
INFO:[  126] Accuracy: 92.71% - Loss: 100.84 - 0:00:10.890180
INFO:[  127] Accuracy: 92.69% - Loss: 101.05 - 0:00:10.860292
INFO:[  128] Accuracy: 92.73% - Loss: 100.63 - 0:00:10.867202
INFO:[  129] Accuracy: 92.71% - Loss: 100.17 - 0:00:10.871228
INFO:[  130] Accuracy: 92.78% - Loss:  97.45 - 0:00:10.861335
INFO:[  131] Accuracy: 92.98% - Loss:  96.40 - 0:00:10.861921
INFO:[  132] Accuracy: 93.06% - Loss:  94.81 - 0:00:10.889547
INFO:[  133] Accuracy: 93.09% - Loss:  95.63 - 0:00:10.895343
INFO:[  134] Accuracy: 93.22% - Loss:  92.93 - 0:00:10.892167
INFO:[  135] Accuracy: 93.32% - Loss:  92.18 - 0:00:10.893346
INFO:[  136] Accuracy: 93.28% - Loss:  92.40 - 0:00:10.897493
INFO:[  137] Accuracy: 93.46% - Loss:  90.17 - 0:00:10.897168
INFO:[  138] Accuracy: 93.51% - Loss:  90.18 - 0:00:10.892054
INFO:[  139] Accuracy: 93.45% - Loss:  89.65 - 0:00:10.896007
INFO:[  140] Accuracy: 93.64% - Loss:  88.43 - 0:00:10.879721
INFO:[  141] Accuracy: 93.74% - Loss:  87.88 - 0:00:10.907684
INFO:[  142] Accuracy: 93.71% - Loss:  87.31 - 0:00:10.917637
INFO:[  143] Accuracy: 93.83% - Loss:  84.96 - 0:00:10.903959
INFO:[  144] Accuracy: 93.75% - Loss:  86.34 - 0:00:10.905607
INFO:[  145] Accuracy: 93.86% - Loss:  84.36 - 0:00:10.904546
INFO:[  146] Accuracy: 94.02% - Loss:  83.59 - 0:00:10.884205
INFO:[  147] Accuracy: 94.01% - Loss:  83.73 - 0:00:10.900917
INFO:[  148] Accuracy: 93.98% - Loss:  83.20 - 0:00:10.901040
INFO:[  149] Accuracy: 94.10% - Loss:  82.27 - 0:00:10.896840
INFO:[  150] Accuracy: 94.05% - Loss:  82.08 - 0:00:10.893767
INFO:[  151] Accuracy: 94.20% - Loss:  79.48 - 0:00:10.897722
INFO:[  152] Accuracy: 94.26% - Loss:  78.61 - 0:00:10.904163
INFO:[  153] Accuracy: 94.19% - Loss:  79.68 - 0:00:10.905558
INFO:[  154] Accuracy: 94.26% - Loss:  78.50 - 0:00:10.898285
INFO:[  155] Accuracy: 94.16% - Loss:  80.22 - 0:00:10.903301
INFO:[  156] Accuracy: 94.44% - Loss:  77.47 - 0:00:10.912018
INFO:[  157] Accuracy: 94.59% - Loss:  74.91 - 0:00:10.897862
INFO:[  158] Accuracy: 94.54% - Loss:  75.91 - 0:00:10.911808
INFO:[  159] Accuracy: 94.54% - Loss:  75.04 - 0:00:10.897574
INFO:[  160] Accuracy: 94.54% - Loss:  74.04 - 0:00:10.922514
INFO:[  161] Accuracy: 94.53% - Loss:  75.02 - 0:00:10.899768
INFO:[  162] Accuracy: 94.70% - Loss:  74.97 - 0:00:10.914932
INFO:[  163] Accuracy: 94.75% - Loss:  71.45 - 0:00:10.911998
INFO:[  164] Accuracy: 94.47% - Loss:  74.89 - 0:00:10.910656
INFO:[  165] Accuracy: 94.80% - Loss:  71.93 - 0:00:10.903436
INFO:[  166] Accuracy: 94.79% - Loss:  73.05 - 0:00:10.885607
INFO:[  167] Accuracy: 94.82% - Loss:  72.34 - 0:00:10.892456
INFO:[  168] Accuracy: 94.89% - Loss:  70.99 - 0:00:10.881263
INFO:[  169] Accuracy: 94.86% - Loss:  69.95 - 0:00:10.900441
INFO:[  170] Accuracy: 95.00% - Loss:  69.94 - 0:00:10.909092
INFO:[  171] Accuracy: 94.87% - Loss:  70.42 - 0:00:10.897220
INFO:[  172] Accuracy: 94.94% - Loss:  70.35 - 0:00:10.910964
INFO:[  173] Accuracy: 94.87% - Loss:  69.52 - 0:00:10.900869
INFO:[  174] Accuracy: 94.85% - Loss:  71.13 - 0:00:10.891407
INFO:[  175] Accuracy: 94.98% - Loss:  68.92 - 0:00:10.883748
INFO:[  176] Accuracy: 95.04% - Loss:  68.36 - 0:00:10.898243
INFO:[  177] Accuracy: 95.14% - Loss:  66.91 - 0:00:10.890262
INFO:[  178] Accuracy: 95.12% - Loss:  66.95 - 0:00:10.908875
INFO:[  179] Accuracy: 95.17% - Loss:  65.98 - 0:00:10.909275
INFO:[  180] Accuracy: 95.13% - Loss:  66.70 - 0:00:10.891213
INFO:[  181] Accuracy: 95.11% - Loss:  68.22 - 0:00:10.890800
INFO:[  182] Accuracy: 95.21% - Loss:  65.85 - 0:00:10.898187
INFO:[  183] Accuracy: 95.25% - Loss:  65.85 - 0:00:10.891924
INFO:[  184] Accuracy: 95.30% - Loss:  64.63 - 0:00:10.886313
INFO:[  185] Accuracy: 95.39% - Loss:  63.42 - 0:00:10.906450
INFO:[  186] Accuracy: 95.52% - Loss:  63.40 - 0:00:10.901013
INFO:[  187] Accuracy: 95.41% - Loss:  64.87 - 0:00:10.885097
INFO:[  188] Accuracy: 95.18% - Loss:  65.92 - 0:00:10.881044
INFO:[  189] Accuracy: 95.47% - Loss:  62.57 - 0:00:10.866657
INFO:[  190] Accuracy: 95.41% - Loss:  64.19 - 0:00:10.865880
INFO:[  191] Accuracy: 95.26% - Loss:  65.70 - 0:00:10.872124
INFO:[  192] Accuracy: 95.46% - Loss:  62.00 - 0:00:10.872854
INFO:[  193] Accuracy: 95.41% - Loss:  62.13 - 0:00:10.906538
INFO:[  194] Accuracy: 95.57% - Loss:  62.12 - 0:00:10.891392
INFO:[  195] Accuracy: 95.57% - Loss:  61.42 - 0:00:10.892569
INFO:[  196] Accuracy: 95.45% - Loss:  62.65 - 0:00:10.902995
INFO:[  197] Accuracy: 95.52% - Loss:  61.88 - 0:00:10.892561
INFO:[  198] Accuracy: 95.65% - Loss:  61.08 - 0:00:10.915556
INFO:[  199] Accuracy: 95.46% - Loss:  61.49 - 0:00:10.909534
INFO:[  200] Accuracy: 95.61% - Loss:  61.53 - 0:00:10.909122
INFO:Changing ETA = 0.001
INFO:[  201] Accuracy: 95.82% - Loss:  57.47 - 0:00:10.904592
INFO:[  202] Accuracy: 95.88% - Loss:  56.55 - 0:00:10.920699
INFO:[  203] Accuracy: 96.03% - Loss:  55.53 - 0:00:10.901030
INFO:[  204] Accuracy: 95.96% - Loss:  54.68 - 0:00:10.921580
INFO:[  205] Accuracy: 96.17% - Loss:  54.54 - 0:00:10.901910
INFO:[  206] Accuracy: 96.04% - Loss:  54.87 - 0:00:10.920424
INFO:[  207] Accuracy: 96.05% - Loss:  54.46 - 0:00:10.911250
INFO:[  208] Accuracy: 96.17% - Loss:  52.56 - 0:00:10.901380
INFO:[  209] Accuracy: 96.22% - Loss:  51.72 - 0:00:10.898200
INFO:[  210] Accuracy: 96.30% - Loss:  52.06 - 0:00:10.899398
INFO:[  211] Accuracy: 96.14% - Loss:  52.62 - 0:00:10.912833
INFO:[  212] Accuracy: 96.23% - Loss:  52.46 - 0:00:10.908136
INFO:[  213] Accuracy: 96.28% - Loss:  51.92 - 0:00:10.914899
INFO:[  214] Accuracy: 96.05% - Loss:  53.57 - 0:00:10.910945
INFO:[  215] Accuracy: 96.23% - Loss:  51.89 - 0:00:10.910983
INFO:[  216] Accuracy: 96.25% - Loss:  50.24 - 0:00:10.887860
INFO:[  217] Accuracy: 96.26% - Loss:  51.41 - 0:00:10.884328
INFO:[  218] Accuracy: 96.33% - Loss:  51.23 - 0:00:10.882604
INFO:[  219] Accuracy: 96.40% - Loss:  49.98 - 0:00:10.895771
INFO:[  220] Accuracy: 96.22% - Loss:  52.47 - 0:00:10.907962
INFO:[  221] Accuracy: 96.30% - Loss:  50.43 - 0:00:10.901810
INFO:[  222] Accuracy: 96.51% - Loss:  48.39 - 0:00:10.897030
INFO:[  223] Accuracy: 96.36% - Loss:  50.62 - 0:00:10.897711
INFO:[  224] Accuracy: 96.32% - Loss:  51.52 - 0:00:10.902971
INFO:[  225] Accuracy: 96.41% - Loss:  50.45 - 0:00:10.917738
INFO:[  226] Accuracy: 96.47% - Loss:  49.66 - 0:00:10.910810
INFO:[  227] Accuracy: 96.41% - Loss:  49.87 - 0:00:10.908560
INFO:[  228] Accuracy: 96.44% - Loss:  49.67 - 0:00:10.910362
INFO:[  229] Accuracy: 96.28% - Loss:  51.00 - 0:00:10.913376
INFO:[  230] Accuracy: 96.33% - Loss:  50.57 - 0:00:10.908116
INFO:[  231] Accuracy: 96.41% - Loss:  49.64 - 0:00:10.916550
INFO:[  232] Accuracy: 96.31% - Loss:  51.27 - 0:00:10.914907
INFO:[  233] Accuracy: 96.39% - Loss:  50.68 - 0:00:10.926857
INFO:[  234] Accuracy: 96.42% - Loss:  50.26 - 0:00:10.906077
INFO:[  235] Accuracy: 96.41% - Loss:  48.65 - 0:00:10.911533
INFO:[  236] Accuracy: 96.34% - Loss:  51.27 - 0:00:10.913739
INFO:[  237] Accuracy: 96.46% - Loss:  49.84 - 0:00:10.916285
INFO:[  238] Accuracy: 96.50% - Loss:  48.80 - 0:00:10.905893
INFO:[  239] Accuracy: 96.51% - Loss:  48.79 - 0:00:10.907127
INFO:[  240] Accuracy: 96.50% - Loss:  48.77 - 0:00:10.924689
INFO:[  241] Accuracy: 96.44% - Loss:  49.19 - 0:00:10.912986
INFO:[  242] Accuracy: 96.54% - Loss:  48.52 - 0:00:10.925631
INFO:[  243] Accuracy: 96.50% - Loss:  48.84 - 0:00:10.911288
INFO:[  244] Accuracy: 96.37% - Loss:  50.07 - 0:00:10.915587
INFO:[  245] Accuracy: 96.58% - Loss:  47.22 - 0:00:10.894282
INFO:[  246] Accuracy: 96.38% - Loss:  49.71 - 0:00:10.927496
INFO:[  247] Accuracy: 96.32% - Loss:  49.09 - 0:00:10.930753
INFO:[  248] Accuracy: 96.53% - Loss:  48.10 - 0:00:10.911671
INFO:[  249] Accuracy: 96.53% - Loss:  49.02 - 0:00:10.904187
INFO:[  250] Accuracy: 96.44% - Loss:  49.30 - 0:00:10.871898
INFO:[  251] Accuracy: 96.50% - Loss:  49.24 - 0:00:10.870487
INFO:[  252] Accuracy: 96.48% - Loss:  48.63 - 0:00:10.900107
INFO:[  253] Accuracy: 96.54% - Loss:  47.24 - 0:00:10.898695
INFO:[  254] Accuracy: 96.46% - Loss:  49.57 - 0:00:10.898110
INFO:[  255] Accuracy: 96.50% - Loss:  47.45 - 0:00:10.881269
INFO:[  256] Accuracy: 96.50% - Loss:  48.87 - 0:00:10.905022
INFO:[  257] Accuracy: 96.48% - Loss:  48.21 - 0:00:10.900206
INFO:[  258] Accuracy: 96.61% - Loss:  47.57 - 0:00:10.900318
INFO:[  259] Accuracy: 96.57% - Loss:  48.60 - 0:00:10.908599
INFO:[  260] Accuracy: 96.73% - Loss:  45.73 - 0:00:10.901091
INFO:[  261] Accuracy: 96.47% - Loss:  47.95 - 0:00:10.902598
INFO:[  262] Accuracy: 96.56% - Loss:  47.06 - 0:00:10.894648
INFO:[  263] Accuracy: 96.63% - Loss:  47.43 - 0:00:10.897387
INFO:[  264] Accuracy: 96.60% - Loss:  48.04 - 0:00:10.920524
INFO:[  265] Accuracy: 96.53% - Loss:  48.54 - 0:00:10.904661
INFO:[  266] Accuracy: 96.59% - Loss:  47.28 - 0:00:10.916519
INFO:[  267] Accuracy: 96.56% - Loss:  47.19 - 0:00:10.903454
INFO:[  268] Accuracy: 96.52% - Loss:  49.10 - 0:00:10.920495
INFO:[  269] Accuracy: 96.55% - Loss:  48.09 - 0:00:10.914200
INFO:[  270] Accuracy: 96.60% - Loss:  47.48 - 0:00:10.907078
INFO:[  271] Accuracy: 96.59% - Loss:  47.69 - 0:00:10.915643
INFO:[  272] Accuracy: 96.68% - Loss:  46.75 - 0:00:10.912735
INFO:[  273] Accuracy: 96.64% - Loss:  46.90 - 0:00:10.914618
INFO:[  274] Accuracy: 96.51% - Loss:  47.83 - 0:00:10.911315
INFO:[  275] Accuracy: 96.62% - Loss:  47.10 - 0:00:10.927333
INFO:[  276] Accuracy: 96.47% - Loss:  49.11 - 0:00:10.918217
INFO:[  277] Accuracy: 96.77% - Loss:  45.05 - 0:00:10.890020
INFO:[  278] Accuracy: 96.52% - Loss:  48.32 - 0:00:10.906044
INFO:[  279] Accuracy: 96.60% - Loss:  46.58 - 0:00:10.910203
INFO:[  280] Accuracy: 96.63% - Loss:  46.67 - 0:00:10.912997
INFO:[  281] Accuracy: 96.57% - Loss:  47.17 - 0:00:10.924691
INFO:[  282] Accuracy: 96.57% - Loss:  46.91 - 0:00:10.923824
INFO:[  283] Accuracy: 96.58% - Loss:  47.24 - 0:00:10.922218
INFO:[  284] Accuracy: 96.68% - Loss:  46.14 - 0:00:10.921664
INFO:[  285] Accuracy: 96.58% - Loss:  47.07 - 0:00:10.922432
INFO:[  286] Accuracy: 96.67% - Loss:  46.40 - 0:00:10.922358
INFO:[  287] Accuracy: 96.60% - Loss:  46.99 - 0:00:10.919618
INFO:[  288] Accuracy: 96.59% - Loss:  47.01 - 0:00:10.918732
INFO:[  289] Accuracy: 96.61% - Loss:  46.55 - 0:00:10.904018
INFO:[  290] Accuracy: 96.71% - Loss:  46.02 - 0:00:10.925190
INFO:[  291] Accuracy: 96.61% - Loss:  46.78 - 0:00:10.906785
INFO:[  292] Accuracy: 96.65% - Loss:  46.49 - 0:00:10.915651
INFO:[  293] Accuracy: 96.74% - Loss:  46.36 - 0:00:10.913630
INFO:[  294] Accuracy: 96.71% - Loss:  46.39 - 0:00:10.915716
INFO:[  295] Accuracy: 96.49% - Loss:  47.76 - 0:00:10.912467
INFO:[  296] Accuracy: 96.61% - Loss:  47.58 - 0:00:10.925234
INFO:[  297] Accuracy: 96.64% - Loss:  45.73 - 0:00:10.919535
INFO:[  298] Accuracy: 96.71% - Loss:  45.44 - 0:00:10.908629
INFO:[  299] Accuracy: 96.61% - Loss:  47.70 - 0:00:10.906458
INFO:[  300] Accuracy: 96.73% - Loss:  46.12 - 0:00:10.891104
INFO:Elapsed time: 0:54:31.215202
INFO:Test error: 23.90% 2390 / 10000
